<?xml version="1.0" encoding="UTF-8"?>
<!-- Generated by org.testng.reporters.JUnitReportReporter -->
<testsuite hostname="DESKTOP-EU2NEPJ" failures="0" tests="4" name="Selenium_basic.TestNG_Priority" time="0.016" errors="0" timestamp="2023-11-30T14:59:36 IST" skipped="0">
  <testcase classname="Selenium_basic.TestNG_Priority" name="apple" time="0.012"/>
  <system-out/>
  <testcase classname="Selenium_basic.TestNG_Priority" name="xpple" time="0.002"/>
  <system-out/>
  <testcase classname="Selenium_basic.TestNG_Priority" name="aost" time="0.001"/>
  <system-out/>
  <testcase classname="Selenium_basic.TestNG_Priority" name="fost" time="0.001"/>
  <system-out/>
</testsuite> <!-- Selenium_basic.TestNG_Priority -->
